<?xml version="1.0" encoding="UTF-8"?>
<testsuites>
  <testsuite name="Erfurt API Test Suite" tests="484" assertions="829" failures="10" errors="0" time="98.403923">
    <testsuite name="Erfurt_AppTest" file="/Volumes/DataHD/Users/philipp/Projects/github/pfrischmuth/OntoWiki.git/libraries/Erfurt/tests/Erfurt/AppTest.php" fullPackage="Erfurt" tests="29" assertions="48" failures="0" errors="0" time="0.568017">
      <testcase name="testGetInstanceWithWrongPhpVersion" class="Erfurt_AppTest" file="/Volumes/DataHD/Users/philipp/Projects/github/pfrischmuth/OntoWiki.git/libraries/Erfurt/tests/Erfurt/AppTest.php" line="8" assertions="1" time="0.032318"/>
      <testcase name="testGetInstanceWithWrongZendVersion" class="Erfurt_AppTest" file="/Volumes/DataHD/Users/philipp/Projects/github/pfrischmuth/OntoWiki.git/libraries/Erfurt/tests/Erfurt/AppTest.php" line="34" assertions="1" time="0.005754"/>
      <testcase name="testGetInstanceWithoutAutostart" class="Erfurt_AppTest" file="/Volumes/DataHD/Users/philipp/Projects/github/pfrischmuth/OntoWiki.git/libraries/Erfurt/tests/Erfurt/AppTest.php" line="60" assertions="1" time="0.001870"/>
      <testcase name="testGetInstanceWithAutostart" class="Erfurt_AppTest" file="/Volumes/DataHD/Users/philipp/Projects/github/pfrischmuth/OntoWiki.git/libraries/Erfurt/tests/Erfurt/AppTest.php" line="74" assertions="1" time="0.033935"/>
      <testcase name="testReset" class="Erfurt_AppTest" file="/Volumes/DataHD/Users/philipp/Projects/github/pfrischmuth/OntoWiki.git/libraries/Erfurt/tests/Erfurt/AppTest.php" line="88" assertions="2" time="0.031026"/>
      <testcase name="testStart" class="Erfurt_AppTest" file="/Volumes/DataHD/Users/philipp/Projects/github/pfrischmuth/OntoWiki.git/libraries/Erfurt/tests/Erfurt/AppTest.php" line="102" assertions="1" time="0.031180"/>
      <testcase name="testStartAlreadyStarted" class="Erfurt_AppTest" file="/Volumes/DataHD/Users/philipp/Projects/github/pfrischmuth/OntoWiki.git/libraries/Erfurt/tests/Erfurt/AppTest.php" line="128" assertions="2" time="0.040666"/>
      <testcase name="testStartWithVersioningException" class="Erfurt_AppTest" file="/Volumes/DataHD/Users/philipp/Projects/github/pfrischmuth/OntoWiki.git/libraries/Erfurt/tests/Erfurt/AppTest.php" line="141" assertions="1" time="0.036958"/>
      <testcase name="testAddOpenIdUser" class="Erfurt_AppTest" file="/Volumes/DataHD/Users/philipp/Projects/github/pfrischmuth/OntoWiki.git/libraries/Erfurt/tests/Erfurt/AppTest.php" line="191" assertions="6" time="0.048135"/>
      <testcase name="testAddUser" class="Erfurt_AppTest" file="/Volumes/DataHD/Users/philipp/Projects/github/pfrischmuth/OntoWiki.git/libraries/Erfurt/tests/Erfurt/AppTest.php" line="218" assertions="6" time="0.037024"/>
      <testcase name="testGetAcModel" class="Erfurt_AppTest" file="/Volumes/DataHD/Users/philipp/Projects/github/pfrischmuth/OntoWiki.git/libraries/Erfurt/tests/Erfurt/AppTest.php" line="336" assertions="3" time="0.052487"/>
      <testcase name="testGetActionConfig" class="Erfurt_AppTest" file="/Volumes/DataHD/Users/philipp/Projects/github/pfrischmuth/OntoWiki.git/libraries/Erfurt/tests/Erfurt/AppTest.php" line="373" assertions="2" time="0.009393"/>
      <testcase name="testGetAuth" class="Erfurt_AppTest" file="/Volumes/DataHD/Users/philipp/Projects/github/pfrischmuth/OntoWiki.git/libraries/Erfurt/tests/Erfurt/AppTest.php" line="388" assertions="1" time="0.002171"/>
      <testcase name="testGetCache" class="Erfurt_AppTest" file="/Volumes/DataHD/Users/philipp/Projects/github/pfrischmuth/OntoWiki.git/libraries/Erfurt/tests/Erfurt/AppTest.php" line="394" assertions="1" time="0.007809"/>
      <testcase name="testGetCacheWithLifetime" class="Erfurt_AppTest" file="/Volumes/DataHD/Users/philipp/Projects/github/pfrischmuth/OntoWiki.git/libraries/Erfurt/tests/Erfurt/AppTest.php" line="400" assertions="1" time="0.034241"/>
      <testcase name="testGetCacheWithDatabaseCacheBackend" class="Erfurt_AppTest" file="/Volumes/DataHD/Users/philipp/Projects/github/pfrischmuth/OntoWiki.git/libraries/Erfurt/tests/Erfurt/AppTest.php" line="411" assertions="1" time="0.001493"/>
      <testcase name="testGetCacheWithSqliteCacheBackendSuccess" class="Erfurt_AppTest" file="/Volumes/DataHD/Users/philipp/Projects/github/pfrischmuth/OntoWiki.git/libraries/Erfurt/tests/Erfurt/AppTest.php" line="422" assertions="1" time="0.038697"/>
      <testcase name="testGetConfig" class="Erfurt_AppTest" file="/Volumes/DataHD/Users/philipp/Projects/github/pfrischmuth/OntoWiki.git/libraries/Erfurt/tests/Erfurt/AppTest.php" line="470" assertions="1" time="0.001134"/>
      <testcase name="testGetEventDispatcher" class="Erfurt_AppTest" file="/Volumes/DataHD/Users/philipp/Projects/github/pfrischmuth/OntoWiki.git/libraries/Erfurt/tests/Erfurt/AppTest.php" line="491" assertions="1" time="0.030576"/>
      <testcase name="testGetLog" class="Erfurt_AppTest" file="/Volumes/DataHD/Users/philipp/Projects/github/pfrischmuth/OntoWiki.git/libraries/Erfurt/tests/Erfurt/AppTest.php" line="497" assertions="2" time="0.032276"/>
      <testcase name="testGetLogWithTmpDir" class="Erfurt_AppTest" file="/Volumes/DataHD/Users/philipp/Projects/github/pfrischmuth/OntoWiki.git/libraries/Erfurt/tests/Erfurt/AppTest.php" line="508" assertions="1" time="0.034771"/>
      <testcase name="testGetLogDir" class="Erfurt_AppTest" file="/Volumes/DataHD/Users/philipp/Projects/github/pfrischmuth/OntoWiki.git/libraries/Erfurt/tests/Erfurt/AppTest.php" line="521" assertions="4" time="0.007699"/>
      <testcase name="testGetPluginManager" class="Erfurt_AppTest" file="/Volumes/DataHD/Users/philipp/Projects/github/pfrischmuth/OntoWiki.git/libraries/Erfurt/tests/Erfurt/AppTest.php" line="547" assertions="1" time="0.002619"/>
      <testcase name="testGetQueryCache" class="Erfurt_AppTest" file="/Volumes/DataHD/Users/philipp/Projects/github/pfrischmuth/OntoWiki.git/libraries/Erfurt/tests/Erfurt/AppTest.php" line="553" assertions="1" time="0.004444"/>
      <testcase name="testGetTmpDir" class="Erfurt_AppTest" file="/Volumes/DataHD/Users/philipp/Projects/github/pfrischmuth/OntoWiki.git/libraries/Erfurt/tests/Erfurt/AppTest.php" line="680" assertions="1" time="0.001441"/>
      <testcase name="testGetVersioning" class="Erfurt_AppTest" file="/Volumes/DataHD/Users/philipp/Projects/github/pfrischmuth/OntoWiki.git/libraries/Erfurt/tests/Erfurt/AppTest.php" line="696" assertions="1" time="0.001163"/>
      <testcase name="testGetWrapperManager" class="Erfurt_AppTest" file="/Volumes/DataHD/Users/philipp/Projects/github/pfrischmuth/OntoWiki.git/libraries/Erfurt/tests/Erfurt/AppTest.php" line="702" assertions="1" time="0.002398"/>
      <testcase name="testGetWrapperRegistry" class="Erfurt_AppTest" file="/Volumes/DataHD/Users/philipp/Projects/github/pfrischmuth/OntoWiki.git/libraries/Erfurt/tests/Erfurt/AppTest.php" line="708" assertions="1" time="0.003185"/>
      <testcase name="testIsStarted" class="Erfurt_AppTest" file="/Volumes/DataHD/Users/philipp/Projects/github/pfrischmuth/OntoWiki.git/libraries/Erfurt/tests/Erfurt/AppTest.php" line="735" assertions="1" time="0.001154"/>
    </testsuite>
    <testsuite name="Erfurt_Auth_Adapter_RdfTest" file="/Volumes/DataHD/Users/philipp/Projects/github/pfrischmuth/OntoWiki.git/libraries/Erfurt/tests/Erfurt/Auth/Adapter/RdfTest.php" fullPackage="Erfurt.Auth.Adapter" tests="2" assertions="4" failures="0" errors="0" time="0.011430">
      <testcase name="testObjectCreation" class="Erfurt_Auth_Adapter_RdfTest" file="/Volumes/DataHD/Users/philipp/Projects/github/pfrischmuth/OntoWiki.git/libraries/Erfurt/tests/Erfurt/Auth/Adapter/RdfTest.php" line="4" assertions="1" time="0.004428"/>
      <testcase name="testAuthenticateAnonymous" class="Erfurt_Auth_Adapter_RdfTest" file="/Volumes/DataHD/Users/philipp/Projects/github/pfrischmuth/OntoWiki.git/libraries/Erfurt/tests/Erfurt/Auth/Adapter/RdfTest.php" line="11" assertions="3" time="0.007002"/>
    </testsuite>
    <testsuite name="Erfurt_NamespacesTest" file="/Volumes/DataHD/Users/philipp/Projects/github/pfrischmuth/OntoWiki.git/libraries/Erfurt/tests/Erfurt/NamespacesTest.php" fullPackage="Erfurt" tests="8" assertions="18" failures="0" errors="0" time="0.034843">
      <testcase name="testAddNamespacePrefix" class="Erfurt_NamespacesTest" file="/Volumes/DataHD/Users/philipp/Projects/github/pfrischmuth/OntoWiki.git/libraries/Erfurt/tests/Erfurt/NamespacesTest.php" line="37" assertions="1" time="0.003877"/>
      <testcase name="testAddNamespacePrefixReserved" class="Erfurt_NamespacesTest" file="/Volumes/DataHD/Users/philipp/Projects/github/pfrischmuth/OntoWiki.git/libraries/Erfurt/tests/Erfurt/NamespacesTest.php" line="50" assertions="1" time="0.003100"/>
      <testcase name="testAddNamespacePrefixInvalid" class="Erfurt_NamespacesTest" file="/Volumes/DataHD/Users/philipp/Projects/github/pfrischmuth/OntoWiki.git/libraries/Erfurt/tests/Erfurt/NamespacesTest.php" line="63" assertions="1" time="0.002212"/>
      <testcase name="testAddNamespacePrefixExisting" class="Erfurt_NamespacesTest" file="/Volumes/DataHD/Users/philipp/Projects/github/pfrischmuth/OntoWiki.git/libraries/Erfurt/tests/Erfurt/NamespacesTest.php" line="76" assertions="2" time="0.003735"/>
      <testcase name="testDeleteNamespacePrefix" class="Erfurt_NamespacesTest" file="/Volumes/DataHD/Users/philipp/Projects/github/pfrischmuth/OntoWiki.git/libraries/Erfurt/tests/Erfurt/NamespacesTest.php" line="88" assertions="2" time="0.003897"/>
      <testcase name="testGetNamespacePrefixExisting" class="Erfurt_NamespacesTest" file="/Volumes/DataHD/Users/philipp/Projects/github/pfrischmuth/OntoWiki.git/libraries/Erfurt/tests/Erfurt/NamespacesTest.php" line="102" assertions="2" time="0.003623"/>
      <testcase name="testGetNamespacePrefixSynthesized" class="Erfurt_NamespacesTest" file="/Volumes/DataHD/Users/philipp/Projects/github/pfrischmuth/OntoWiki.git/libraries/Erfurt/tests/Erfurt/NamespacesTest.php" line="115" assertions="4" time="0.006108"/>
      <testcase name="testGetNamespacePrefixStandard" class="Erfurt_NamespacesTest" file="/Volumes/DataHD/Users/philipp/Projects/github/pfrischmuth/OntoWiki.git/libraries/Erfurt/tests/Erfurt/NamespacesTest.php" line="130" assertions="5" time="0.008291"/>
    </testsuite>
    <testsuite name="Erfurt_Owl_ModelTest" file="/Volumes/DataHD/Users/philipp/Projects/github/pfrischmuth/OntoWiki.git/libraries/Erfurt/tests/Erfurt/Owl/ModelTest.php" fullPackage="Erfurt.Owl" tests="1" assertions="1" failures="0" errors="0" time="0.004642">
      <testcase name="testObjectCreationWithoutBaseUriAndWithoutImports" class="Erfurt_Owl_ModelTest" file="/Volumes/DataHD/Users/philipp/Projects/github/pfrischmuth/OntoWiki.git/libraries/Erfurt/tests/Erfurt/Owl/ModelTest.php" line="28" assertions="1" time="0.004642"/>
    </testsuite>
    <testsuite name="Erfurt_Rdf_LiteralTest" file="/Volumes/DataHD/Users/philipp/Projects/github/pfrischmuth/OntoWiki.git/libraries/Erfurt/tests/Erfurt/Rdf/LiteralTest.php" fullPackage="Erfurt.Rdf" tests="3" assertions="10" failures="0" errors="0" time="0.006358">
      <testcase name="testInitWithLabel" class="Erfurt_Rdf_LiteralTest" file="/Volumes/DataHD/Users/philipp/Projects/github/pfrischmuth/OntoWiki.git/libraries/Erfurt/tests/Erfurt/Rdf/LiteralTest.php" line="5" assertions="2" time="0.002465"/>
      <testcase name="testInitWithLabelAndLanguage" class="Erfurt_Rdf_LiteralTest" file="/Volumes/DataHD/Users/philipp/Projects/github/pfrischmuth/OntoWiki.git/libraries/Erfurt/tests/Erfurt/Rdf/LiteralTest.php" line="13" assertions="4" time="0.001955"/>
      <testcase name="testInitWithLabelAndDatatype" class="Erfurt_Rdf_LiteralTest" file="/Volumes/DataHD/Users/philipp/Projects/github/pfrischmuth/OntoWiki.git/libraries/Erfurt/tests/Erfurt/Rdf/LiteralTest.php" line="25" assertions="4" time="0.001938"/>
    </testsuite>
    <testsuite name="Erfurt_Rdf_ModelTest" file="/Volumes/DataHD/Users/philipp/Projects/github/pfrischmuth/OntoWiki.git/libraries/Erfurt/tests/Erfurt/Rdf/ModelTest.php" fullPackage="Erfurt.Rdf" tests="3" assertions="12" failures="0" errors="0" time="0.123522">
      <testcase name="testGetBaseIriWithEmptyBaseReturnsModelIri" class="Erfurt_Rdf_ModelTest" file="/Volumes/DataHD/Users/philipp/Projects/github/pfrischmuth/OntoWiki.git/libraries/Erfurt/tests/Erfurt/Rdf/ModelTest.php" line="252" assertions="2" time="0.003409"/>
      <testcase name="testUpdateWithMutualDifferenceObjectsDifferInDatatype" class="Erfurt_Rdf_ModelTest" file="/Volumes/DataHD/Users/philipp/Projects/github/pfrischmuth/OntoWiki.git/libraries/Erfurt/tests/Erfurt/Rdf/ModelTest.php" line="261" assertions="5" time="0.062613"/>
      <testcase name="testUpdateWithMutualDifferenceObjectsDifferInLanguage" class="Erfurt_Rdf_ModelTest" file="/Volumes/DataHD/Users/philipp/Projects/github/pfrischmuth/OntoWiki.git/libraries/Erfurt/tests/Erfurt/Rdf/ModelTest.php" line="319" assertions="5" time="0.057500"/>
    </testsuite>
    <testsuite name="Erfurt_Rdf_ResourceTest" file="/Volumes/DataHD/Users/philipp/Projects/github/pfrischmuth/OntoWiki.git/libraries/Erfurt/tests/Erfurt/Rdf/ResourceTest.php" fullPackage="Erfurt.Rdf" tests="13" assertions="24" failures="0" errors="0" time="0.030410">
      <testcase name="test__toString" class="Erfurt_Rdf_ResourceTest" file="/Volumes/DataHD/Users/philipp/Projects/github/pfrischmuth/OntoWiki.git/libraries/Erfurt/tests/Erfurt/Rdf/ResourceTest.php" line="38" assertions="1" time="0.001894"/>
      <testcase name="testGetIri" class="Erfurt_Rdf_ResourceTest" file="/Volumes/DataHD/Users/philipp/Projects/github/pfrischmuth/OntoWiki.git/libraries/Erfurt/tests/Erfurt/Rdf/ResourceTest.php" line="48" assertions="1" time="0.001879"/>
      <testcase name="testGetNamespace" class="Erfurt_Rdf_ResourceTest" file="/Volumes/DataHD/Users/philipp/Projects/github/pfrischmuth/OntoWiki.git/libraries/Erfurt/tests/Erfurt/Rdf/ResourceTest.php" line="75" assertions="1" time="0.001879"/>
      <testcase name="testGetLocalName" class="Erfurt_Rdf_ResourceTest" file="/Volumes/DataHD/Users/philipp/Projects/github/pfrischmuth/OntoWiki.git/libraries/Erfurt/tests/Erfurt/Rdf/ResourceTest.php" line="85" assertions="1" time="0.001856"/>
      <testcase name="testInitWithIri" class="Erfurt_Rdf_ResourceTest" file="/Volumes/DataHD/Users/philipp/Projects/github/pfrischmuth/OntoWiki.git/libraries/Erfurt/tests/Erfurt/Rdf/ResourceTest.php" line="95" assertions="4" time="0.003727"/>
      <testcase name="testInitWithUri" class="Erfurt_Rdf_ResourceTest" file="/Volumes/DataHD/Users/philipp/Projects/github/pfrischmuth/OntoWiki.git/libraries/Erfurt/tests/Erfurt/Rdf/ResourceTest.php" line="107" assertions="4" time="0.003717"/>
      <testcase name="testInitWithNamespaceAndLocalname" class="Erfurt_Rdf_ResourceTest" file="/Volumes/DataHD/Users/philipp/Projects/github/pfrischmuth/OntoWiki.git/libraries/Erfurt/tests/Erfurt/Rdf/ResourceTest.php" line="119" assertions="4" time="0.003688"/>
      <testcase name="testInitWithBlankNode" class="Erfurt_Rdf_ResourceTest" file="/Volumes/DataHD/Users/philipp/Projects/github/pfrischmuth/OntoWiki.git/libraries/Erfurt/tests/Erfurt/Rdf/ResourceTest.php" line="134" assertions="3" time="0.002486"/>
      <testcase name="testIsBlankNode" class="Erfurt_Rdf_ResourceTest" file="/Volumes/DataHD/Users/philipp/Projects/github/pfrischmuth/OntoWiki.git/libraries/Erfurt/tests/Erfurt/Rdf/ResourceTest.php" line="145" assertions="1" time="0.001297"/>
      <testcase name="testGetId" class="Erfurt_Rdf_ResourceTest" file="/Volumes/DataHD/Users/philipp/Projects/github/pfrischmuth/OntoWiki.git/libraries/Erfurt/tests/Erfurt/Rdf/ResourceTest.php" line="154" assertions="1" time="0.001966"/>
      <testcase name="testGetUri" class="Erfurt_Rdf_ResourceTest" file="/Volumes/DataHD/Users/philipp/Projects/github/pfrischmuth/OntoWiki.git/libraries/Erfurt/tests/Erfurt/Rdf/ResourceTest.php" line="163" assertions="1" time="0.001991"/>
      <testcase name="testGetLocatorNoLocator" class="Erfurt_Rdf_ResourceTest" file="/Volumes/DataHD/Users/philipp/Projects/github/pfrischmuth/OntoWiki.git/libraries/Erfurt/tests/Erfurt/Rdf/ResourceTest.php" line="241" assertions="1" time="0.002018"/>
      <testcase name="testGetLocator" class="Erfurt_Rdf_ResourceTest" file="/Volumes/DataHD/Users/philipp/Projects/github/pfrischmuth/OntoWiki.git/libraries/Erfurt/tests/Erfurt/Rdf/ResourceTest.php" line="247" assertions="1" time="0.002012"/>
    </testsuite>
    <testsuite name="Erfurt_Sparql_EngineDb_ResultRenderer_ExtendedTest" file="/Volumes/DataHD/Users/philipp/Projects/github/pfrischmuth/OntoWiki.git/libraries/Erfurt/tests/Erfurt/Sparql/EngineDb/ResultRenderer/ExtendedTest.php" fullPackage="Erfurt.Sparql.EngineDb.ResultRenderer" tests="0" assertions="0" failures="0" errors="0" time="0.000000"/>
    <testsuite name="Erfurt_Sparql_EngineDbTest" file="/Volumes/DataHD/Users/philipp/Projects/github/pfrischmuth/OntoWiki.git/libraries/Erfurt/tests/Erfurt/Sparql/EngineDbTest.php" fullPackage="Erfurt.Sparql" tests="0" assertions="0" failures="0" errors="0" time="0.000000"/>
    <testsuite name="Erfurt_Sparql_ParserTest" file="/Volumes/DataHD/Users/philipp/Projects/github/pfrischmuth/OntoWiki.git/libraries/Erfurt/tests/Erfurt/Sparql/ParserTest.php" fullPackage="Erfurt.Sparql" tests="336" assertions="336" failures="0" errors="0" time="5.278453">
      <testcase name="testTokenize" class="Erfurt_Sparql_ParserTest" file="/Volumes/DataHD/Users/philipp/Projects/github/pfrischmuth/OntoWiki.git/libraries/Erfurt/tests/Erfurt/Sparql/ParserTest.php" line="18" assertions="1" time="0.039424"/>
      <testcase name="testUncomment" class="Erfurt_Sparql_ParserTest" file="/Volumes/DataHD/Users/philipp/Projects/github/pfrischmuth/OntoWiki.git/libraries/Erfurt/tests/Erfurt/Sparql/ParserTest.php" line="30" assertions="1" time="0.001893"/>
      <testsuite name="Erfurt_Sparql_ParserTest::testParse" tests="334" assertions="334" failures="0" errors="0" time="5.237136">
        <testcase name="testParse with data set #0" assertions="1" time="0.086740"/>
        <testcase name="testParse with data set #1" assertions="1" time="0.028436"/>
        <testcase name="testParse with data set #2" assertions="1" time="0.036745"/>
        <testcase name="testParse with data set #3" assertions="1" time="0.021743"/>
        <testcase name="testParse with data set #4" assertions="1" time="0.065479"/>
        <testcase name="testParse with data set #5" assertions="1" time="0.083733"/>
        <testcase name="testParse with data set #6" assertions="1" time="0.044032"/>
        <testcase name="testParse with data set #7" assertions="1" time="0.067868"/>
        <testcase name="testParse with data set #8" assertions="1" time="0.047792"/>
        <testcase name="testParse with data set #9" assertions="1" time="0.042040"/>
        <testcase name="testParse with data set #10" assertions="1" time="0.043963"/>
        <testcase name="testParse with data set #11" assertions="1" time="0.186400"/>
        <testcase name="testParse with data set #12" assertions="1" time="0.212522"/>
        <testcase name="testParse with data set #13" assertions="1" time="0.045005"/>
        <testcase name="testParse with data set #14" assertions="1" time="0.024179"/>
        <testcase name="testParse with data set #15" assertions="1" time="0.022378"/>
        <testcase name="testParse with data set #16" assertions="1" time="0.037015"/>
        <testcase name="testParse with data set #17" assertions="1" time="0.024781"/>
        <testcase name="testParse with data set #18" assertions="1" time="0.022770"/>
        <testcase name="testParse with data set #19" assertions="1" time="0.020977"/>
        <testcase name="testParse with data set #20" assertions="1" time="0.022430"/>
        <testcase name="testParse with data set #21" assertions="1" time="0.015043"/>
        <testcase name="testParse with data set #22" assertions="1" time="0.011197"/>
        <testcase name="testParse with data set #23" assertions="1" time="0.020132"/>
        <testcase name="testParse with data set #24" assertions="1" time="0.012212"/>
        <testcase name="testParse with data set #25" assertions="1" time="0.012492"/>
        <testcase name="testParse with data set #26" assertions="1" time="0.025931"/>
        <testcase name="testParse with data set #27" assertions="1" time="0.019548"/>
        <testcase name="testParse with data set #28" assertions="1" time="0.017338"/>
        <testcase name="testParse with data set #29" assertions="1" time="0.022357"/>
        <testcase name="testParse with data set #30" assertions="1" time="0.033503"/>
        <testcase name="testParse with data set #31" assertions="1" time="0.011920"/>
        <testcase name="testParse with data set #32" assertions="1" time="0.009507"/>
        <testcase name="testParse with data set #33" assertions="1" time="0.015249"/>
        <testcase name="testParse with data set #34" assertions="1" time="0.007352"/>
        <testcase name="testParse with data set #35" assertions="1" time="0.017956"/>
        <testcase name="testParse with data set #36" assertions="1" time="0.011683"/>
        <testcase name="testParse with data set #37" assertions="1" time="0.006675"/>
        <testcase name="testParse with data set #38" assertions="1" time="0.015154"/>
        <testcase name="testParse with data set #39" assertions="1" time="0.014922"/>
        <testcase name="testParse with data set #40" assertions="1" time="0.009295"/>
        <testcase name="testParse with data set #41" assertions="1" time="0.027744"/>
        <testcase name="testParse with data set #42" assertions="1" time="0.029790"/>
        <testcase name="testParse with data set #43" assertions="1" time="0.025135"/>
        <testcase name="testParse with data set #44" assertions="1" time="0.033937"/>
        <testcase name="testParse with data set #45" assertions="1" time="0.028231"/>
        <testcase name="testParse with data set #46" assertions="1" time="0.021372"/>
        <testcase name="testParse with data set #47" assertions="1" time="0.016705"/>
        <testcase name="testParse with data set #48" assertions="1" time="0.038850"/>
        <testcase name="testParse with data set #49" assertions="1" time="0.016933"/>
        <testcase name="testParse with data set #50" assertions="1" time="0.018754"/>
        <testcase name="testParse with data set #51" assertions="1" time="0.017603"/>
        <testcase name="testParse with data set #52" assertions="1" time="0.030361"/>
        <testcase name="testParse with data set #53" assertions="1" time="0.021830"/>
        <testcase name="testParse with data set #54" assertions="1" time="0.024665"/>
        <testcase name="testParse with data set #55" assertions="1" time="0.017749"/>
        <testcase name="testParse with data set #56" assertions="1" time="0.020239"/>
        <testcase name="testParse with data set #57" assertions="1" time="0.030030"/>
        <testcase name="testParse with data set #58" assertions="1" time="0.046315"/>
        <testcase name="testParse with data set #59" assertions="1" time="0.019737"/>
        <testcase name="testParse with data set #60" assertions="1" time="0.019004"/>
        <testcase name="testParse with data set #61" assertions="1" time="0.020088"/>
        <testcase name="testParse with data set #62" assertions="1" time="0.010078"/>
        <testcase name="testParse with data set #63" assertions="1" time="0.010464"/>
        <testcase name="testParse with data set #64" assertions="1" time="0.012717"/>
        <testcase name="testParse with data set #65" assertions="1" time="0.008881"/>
        <testcase name="testParse with data set #66" assertions="1" time="0.008769"/>
        <testcase name="testParse with data set #67" assertions="1" time="0.016162"/>
        <testcase name="testParse with data set #68" assertions="1" time="0.019886"/>
        <testcase name="testParse with data set #69" assertions="1" time="0.014613"/>
        <testcase name="testParse with data set #70" assertions="1" time="0.017454"/>
        <testcase name="testParse with data set #71" assertions="1" time="0.012915"/>
        <testcase name="testParse with data set #72" assertions="1" time="0.012656"/>
        <testcase name="testParse with data set #73" assertions="1" time="0.012481"/>
        <testcase name="testParse with data set #74" assertions="1" time="0.013135"/>
        <testcase name="testParse with data set #75" assertions="1" time="0.015923"/>
        <testcase name="testParse with data set #76" assertions="1" time="0.021472"/>
        <testcase name="testParse with data set #77" assertions="1" time="0.021225"/>
        <testcase name="testParse with data set #78" assertions="1" time="0.020146"/>
        <testcase name="testParse with data set #79" assertions="1" time="0.008814"/>
        <testcase name="testParse with data set #80" assertions="1" time="0.009325"/>
        <testcase name="testParse with data set #81" assertions="1" time="0.011308"/>
        <testcase name="testParse with data set #82" assertions="1" time="0.016539"/>
        <testcase name="testParse with data set #83" assertions="1" time="0.016803"/>
        <testcase name="testParse with data set #84" assertions="1" time="0.016644"/>
        <testcase name="testParse with data set #85" assertions="1" time="0.021969"/>
        <testcase name="testParse with data set #86" assertions="1" time="0.017443"/>
        <testcase name="testParse with data set #88" assertions="1" time="0.014764"/>
        <testcase name="testParse with data set #89" assertions="1" time="0.014520"/>
        <testcase name="testParse with data set #90" assertions="1" time="0.017761"/>
        <testcase name="testParse with data set #91" assertions="1" time="0.018038"/>
        <testcase name="testParse with data set #92" assertions="1" time="0.018770"/>
        <testcase name="testParse with data set #93" assertions="1" time="0.019554"/>
        <testcase name="testParse with data set #94" assertions="1" time="0.015033"/>
        <testcase name="testParse with data set #95" assertions="1" time="0.019385"/>
        <testcase name="testParse with data set #96" assertions="1" time="0.015705"/>
        <testcase name="testParse with data set #97" assertions="1" time="0.015515"/>
        <testcase name="testParse with data set #98" assertions="1" time="0.016988"/>
        <testcase name="testParse with data set #99" assertions="1" time="0.015765"/>
        <testcase name="testParse with data set #100" assertions="1" time="0.022081"/>
        <testcase name="testParse with data set #101" assertions="1" time="0.015805"/>
        <testcase name="testParse with data set #102" assertions="1" time="0.013403"/>
        <testcase name="testParse with data set #103" assertions="1" time="0.018839"/>
        <testcase name="testParse with data set #104" assertions="1" time="0.038496"/>
        <testcase name="testParse with data set #105" assertions="1" time="0.015203"/>
        <testcase name="testParse with data set #106" assertions="1" time="0.026436"/>
        <testcase name="testParse with data set #107" assertions="1" time="0.028185"/>
        <testcase name="testParse with data set #108" assertions="1" time="0.020181"/>
        <testcase name="testParse with data set #109" assertions="1" time="0.012964"/>
        <testcase name="testParse with data set #110" assertions="1" time="0.014400"/>
        <testcase name="testParse with data set #111" assertions="1" time="0.016830"/>
        <testcase name="testParse with data set #112" assertions="1" time="0.020070"/>
        <testcase name="testParse with data set #113" assertions="1" time="0.017937"/>
        <testcase name="testParse with data set #114" assertions="1" time="0.018806"/>
        <testcase name="testParse with data set #115" assertions="1" time="0.009688"/>
        <testcase name="testParse with data set #116" assertions="1" time="0.008067"/>
        <testcase name="testParse with data set #117" assertions="1" time="0.009373"/>
        <testcase name="testParse with data set #118" assertions="1" time="0.008104"/>
        <testcase name="testParse with data set #119" assertions="1" time="0.006885"/>
        <testcase name="testParse with data set #120" assertions="1" time="0.015606"/>
        <testcase name="testParse with data set #121" assertions="1" time="0.008632"/>
        <testcase name="testParse with data set #122" assertions="1" time="0.007469"/>
        <testcase name="testParse with data set #123" assertions="1" time="0.009599"/>
        <testcase name="testParse with data set #124" assertions="1" time="0.008902"/>
        <testcase name="testParse with data set #125" assertions="1" time="0.010004"/>
        <testcase name="testParse with data set #126" assertions="1" time="0.008781"/>
        <testcase name="testParse with data set #127" assertions="1" time="0.011366"/>
        <testcase name="testParse with data set #128" assertions="1" time="0.013354"/>
        <testcase name="testParse with data set #129" assertions="1" time="0.013605"/>
        <testcase name="testParse with data set #130" assertions="1" time="0.010059"/>
        <testcase name="testParse with data set #131" assertions="1" time="0.009716"/>
        <testcase name="testParse with data set #132" assertions="1" time="0.010746"/>
        <testcase name="testParse with data set #133" assertions="1" time="0.011192"/>
        <testcase name="testParse with data set #134" assertions="1" time="0.012214"/>
        <testcase name="testParse with data set #135" assertions="1" time="0.012380"/>
        <testcase name="testParse with data set #136" assertions="1" time="0.012876"/>
        <testcase name="testParse with data set #137" assertions="1" time="0.012819"/>
        <testcase name="testParse with data set #138" assertions="1" time="0.011042"/>
        <testcase name="testParse with data set #139" assertions="1" time="0.012762"/>
        <testcase name="testParse with data set #140" assertions="1" time="0.013042"/>
        <testcase name="testParse with data set #141" assertions="1" time="0.010758"/>
        <testcase name="testParse with data set #142" assertions="1" time="0.017764"/>
        <testcase name="testParse with data set #143" assertions="1" time="0.021184"/>
        <testcase name="testParse with data set #144" assertions="1" time="0.021063"/>
        <testcase name="testParse with data set #145" assertions="1" time="0.023279"/>
        <testcase name="testParse with data set #146" assertions="1" time="0.009494"/>
        <testcase name="testParse with data set #147" assertions="1" time="0.011768"/>
        <testcase name="testParse with data set #148" assertions="1" time="0.008005"/>
        <testcase name="testParse with data set #149" assertions="1" time="0.008096"/>
        <testcase name="testParse with data set #150" assertions="1" time="0.010924"/>
        <testcase name="testParse with data set #151" assertions="1" time="0.013160"/>
        <testcase name="testParse with data set #152" assertions="1" time="0.011817"/>
        <testcase name="testParse with data set #153" assertions="1" time="0.006902"/>
        <testcase name="testParse with data set #154" assertions="1" time="0.006793"/>
        <testcase name="testParse with data set #155" assertions="1" time="0.006885"/>
        <testcase name="testParse with data set #156" assertions="1" time="0.006739"/>
        <testcase name="testParse with data set #157" assertions="1" time="0.006607"/>
        <testcase name="testParse with data set #158" assertions="1" time="0.006600"/>
        <testcase name="testParse with data set #159" assertions="1" time="0.006681"/>
        <testcase name="testParse with data set #160" assertions="1" time="0.006877"/>
        <testcase name="testParse with data set #161" assertions="1" time="0.011115"/>
        <testcase name="testParse with data set #162" assertions="1" time="0.009616"/>
        <testcase name="testParse with data set #163" assertions="1" time="0.012565"/>
        <testcase name="testParse with data set #164" assertions="1" time="0.011070"/>
        <testcase name="testParse with data set #165" assertions="1" time="0.009985"/>
        <testcase name="testParse with data set #166" assertions="1" time="0.009965"/>
        <testcase name="testParse with data set #167" assertions="1" time="0.008103"/>
        <testcase name="testParse with data set #168" assertions="1" time="0.011537"/>
        <testcase name="testParse with data set #169" assertions="1" time="0.011769"/>
        <testcase name="testParse with data set #170" assertions="1" time="0.012070"/>
        <testcase name="testParse with data set #171" assertions="1" time="0.006830"/>
        <testcase name="testParse with data set #172" assertions="1" time="0.016506"/>
        <testcase name="testParse with data set #173" assertions="1" time="0.006804"/>
        <testcase name="testParse with data set #174" assertions="1" time="0.007589"/>
        <testcase name="testParse with data set #175" assertions="1" time="0.010482"/>
        <testcase name="testParse with data set #176" assertions="1" time="0.012181"/>
        <testcase name="testParse with data set #177" assertions="1" time="0.012049"/>
        <testcase name="testParse with data set #178" assertions="1" time="0.010081"/>
        <testcase name="testParse with data set #179" assertions="1" time="0.006626"/>
        <testcase name="testParse with data set #180" assertions="1" time="0.009998"/>
        <testcase name="testParse with data set #181" assertions="1" time="0.010153"/>
        <testcase name="testParse with data set #182" assertions="1" time="0.008424"/>
        <testcase name="testParse with data set #183" assertions="1" time="0.009339"/>
        <testcase name="testParse with data set #184" assertions="1" time="0.007034"/>
        <testcase name="testParse with data set #185" assertions="1" time="0.009788"/>
        <testcase name="testParse with data set #186" assertions="1" time="0.004204"/>
        <testcase name="testParse with data set #187" assertions="1" time="0.003973"/>
        <testcase name="testParse with data set #188" assertions="1" time="0.009601"/>
        <testcase name="testParse with data set #189" assertions="1" time="0.007182"/>
        <testcase name="testParse with data set #190" assertions="1" time="0.009327"/>
        <testcase name="testParse with data set #191" assertions="1" time="0.010213"/>
        <testcase name="testParse with data set #192" assertions="1" time="0.009187"/>
        <testcase name="testParse with data set #193" assertions="1" time="0.009807"/>
        <testcase name="testParse with data set #194" assertions="1" time="0.028542"/>
        <testcase name="testParse with data set #195" assertions="1" time="0.014941"/>
        <testcase name="testParse with data set #196" assertions="1" time="0.008266"/>
        <testcase name="testParse with data set #197" assertions="1" time="0.008243"/>
        <testcase name="testParse with data set #198" assertions="1" time="0.010500"/>
        <testcase name="testParse with data set #199" assertions="1" time="0.012219"/>
        <testcase name="testParse with data set #200" assertions="1" time="0.010374"/>
        <testcase name="testParse with data set #201" assertions="1" time="0.010089"/>
        <testcase name="testParse with data set #202" assertions="1" time="0.010516"/>
        <testcase name="testParse with data set #203" assertions="1" time="0.010530"/>
        <testcase name="testParse with data set #204" assertions="1" time="0.010216"/>
        <testcase name="testParse with data set #205" assertions="1" time="0.010160"/>
        <testcase name="testParse with data set #206" assertions="1" time="0.009682"/>
        <testcase name="testParse with data set #207" assertions="1" time="0.010093"/>
        <testcase name="testParse with data set #208" assertions="1" time="0.011039"/>
        <testcase name="testParse with data set #209" assertions="1" time="0.011312"/>
        <testcase name="testParse with data set #210" assertions="1" time="0.011041"/>
        <testcase name="testParse with data set #211" assertions="1" time="0.011085"/>
        <testcase name="testParse with data set #212" assertions="1" time="0.011081"/>
        <testcase name="testParse with data set #213" assertions="1" time="0.011024"/>
        <testcase name="testParse with data set #214" assertions="1" time="0.011113"/>
        <testcase name="testParse with data set #215" assertions="1" time="0.011163"/>
        <testcase name="testParse with data set #216" assertions="1" time="0.012481"/>
        <testcase name="testParse with data set #217" assertions="1" time="0.011242"/>
        <testcase name="testParse with data set #218" assertions="1" time="0.011116"/>
        <testcase name="testParse with data set #219" assertions="1" time="0.012383"/>
        <testcase name="testParse with data set #220" assertions="1" time="0.007403"/>
        <testcase name="testParse with data set #221" assertions="1" time="0.010453"/>
        <testcase name="testParse with data set #222" assertions="1" time="0.012976"/>
        <testcase name="testParse with data set #223" assertions="1" time="0.016742"/>
        <testcase name="testParse with data set #224" assertions="1" time="0.014040"/>
        <testcase name="testParse with data set #225" assertions="1" time="0.010196"/>
        <testcase name="testParse with data set #226" assertions="1" time="0.010453"/>
        <testcase name="testParse with data set #227" assertions="1" time="0.012443"/>
        <testcase name="testParse with data set #228" assertions="1" time="0.013050"/>
        <testcase name="testParse with data set #229" assertions="1" time="0.013163"/>
        <testcase name="testParse with data set #230" assertions="1" time="0.013440"/>
        <testcase name="testParse with data set #231" assertions="1" time="0.019917"/>
        <testcase name="testParse with data set #232" assertions="1" time="0.019535"/>
        <testcase name="testParse with data set #233" assertions="1" time="0.010782"/>
        <testcase name="testParse with data set #234" assertions="1" time="0.011269"/>
        <testcase name="testParse with data set #235" assertions="1" time="0.008127"/>
        <testcase name="testParse with data set #236" assertions="1" time="0.016701"/>
        <testcase name="testParse with data set #237" assertions="1" time="0.008928"/>
        <testcase name="testParse with data set #238" assertions="1" time="0.011062"/>
        <testcase name="testParse with data set #239" assertions="1" time="0.009362"/>
        <testcase name="testParse with data set #240" assertions="1" time="0.011917"/>
        <testcase name="testParse with data set #241" assertions="1" time="0.009398"/>
        <testcase name="testParse with data set #242" assertions="1" time="0.012352"/>
        <testcase name="testParse with data set #243" assertions="1" time="0.016803"/>
        <testcase name="testParse with data set #244" assertions="1" time="0.010470"/>
        <testcase name="testParse with data set #245" assertions="1" time="0.012649"/>
        <testcase name="testParse with data set #246" assertions="1" time="0.016075"/>
        <testcase name="testParse with data set #247" assertions="1" time="0.008343"/>
        <testcase name="testParse with data set #248" assertions="1" time="0.009554"/>
        <testcase name="testParse with data set #249" assertions="1" time="0.010073"/>
        <testcase name="testParse with data set #250" assertions="1" time="0.012309"/>
        <testcase name="testParse with data set #251" assertions="1" time="0.014810"/>
        <testcase name="testParse with data set #252" assertions="1" time="0.009615"/>
        <testcase name="testParse with data set #253" assertions="1" time="0.010391"/>
        <testcase name="testParse with data set #254" assertions="1" time="0.010274"/>
        <testcase name="testParse with data set #255" assertions="1" time="0.010284"/>
        <testcase name="testParse with data set #256" assertions="1" time="0.011300"/>
        <testcase name="testParse with data set #257" assertions="1" time="0.012463"/>
        <testcase name="testParse with data set #258" assertions="1" time="0.010546"/>
        <testcase name="testParse with data set #259" assertions="1" time="0.010201"/>
        <testcase name="testParse with data set #260" assertions="1" time="0.010837"/>
        <testcase name="testParse with data set #261" assertions="1" time="0.011205"/>
        <testcase name="testParse with data set #262" assertions="1" time="0.010441"/>
        <testcase name="testParse with data set #263" assertions="1" time="0.006167"/>
        <testcase name="testParse with data set #264" assertions="1" time="0.014919"/>
        <testcase name="testParse with data set #265" assertions="1" time="0.020215"/>
        <testcase name="testParse with data set #266" assertions="1" time="0.020435"/>
        <testcase name="testParse with data set #267" assertions="1" time="0.006855"/>
        <testcase name="testParse with data set #268" assertions="1" time="0.006978"/>
        <testcase name="testParse with data set #269" assertions="1" time="0.006499"/>
        <testcase name="testParse with data set #270" assertions="1" time="0.006842"/>
        <testcase name="testParse with data set #271" assertions="1" time="0.006415"/>
        <testcase name="testParse with data set #272" assertions="1" time="0.006559"/>
        <testcase name="testParse with data set #273" assertions="1" time="0.007171"/>
        <testcase name="testParse with data set #274" assertions="1" time="0.006887"/>
        <testcase name="testParse with data set #275" assertions="1" time="0.006714"/>
        <testcase name="testParse with data set #276" assertions="1" time="0.007407"/>
        <testcase name="testParse with data set #277" assertions="1" time="0.006923"/>
        <testcase name="testParse with data set #278" assertions="1" time="0.007010"/>
        <testcase name="testParse with data set #279" assertions="1" time="0.009184"/>
        <testcase name="testParse with data set #280" assertions="1" time="0.009914"/>
        <testcase name="testParse with data set #281" assertions="1" time="0.011971"/>
        <testcase name="testParse with data set #282" assertions="1" time="0.011065"/>
        <testcase name="testParse with data set #283" assertions="1" time="0.011039"/>
        <testcase name="testParse with data set #284" assertions="1" time="0.014625"/>
        <testcase name="testParse with data set #285" assertions="1" time="0.011595"/>
        <testcase name="testParse with data set #286" assertions="1" time="0.010162"/>
        <testcase name="testParse with data set #287" assertions="1" time="0.011933"/>
        <testcase name="testParse with data set #288" assertions="1" time="0.009848"/>
        <testcase name="testParse with data set #289" assertions="1" time="0.008718"/>
        <testcase name="testParse with data set #290" assertions="1" time="0.009031"/>
        <testcase name="testParse with data set #291" assertions="1" time="0.008996"/>
        <testcase name="testParse with data set #292" assertions="1" time="0.008533"/>
        <testcase name="testParse with data set #293" assertions="1" time="0.008670"/>
        <testcase name="testParse with data set #294" assertions="1" time="0.008528"/>
        <testcase name="testParse with data set #295" assertions="1" time="0.014356"/>
        <testcase name="testParse with data set #296" assertions="1" time="0.004340"/>
        <testcase name="testParse with data set #297" assertions="1" time="0.003879"/>
        <testcase name="testParse with data set #298" assertions="1" time="0.003027"/>
        <testcase name="testParse with data set #299" assertions="1" time="0.011453"/>
        <testcase name="testParse with data set #300" assertions="1" time="0.011822"/>
        <testcase name="testParse with data set #301" assertions="1" time="0.019330"/>
        <testcase name="testParse with data set #302" assertions="1" time="0.019399"/>
        <testcase name="testParse with data set #303" assertions="1" time="0.004067"/>
        <testcase name="testParse with data set #304" assertions="1" time="0.003419"/>
        <testcase name="testParse with data set #305" assertions="1" time="0.008077"/>
        <testcase name="testParse with data set #306" assertions="1" time="0.008429"/>
        <testcase name="testParse with data set #307" assertions="1" time="0.009140"/>
        <testcase name="testParse with data set #308" assertions="1" time="0.009560"/>
        <testcase name="testParse with data set #309" assertions="1" time="0.011066"/>
        <testcase name="testParse with data set #310" assertions="1" time="0.007907"/>
        <testcase name="testParse with data set #311" assertions="1" time="0.008274"/>
        <testcase name="testParse with data set #312" assertions="1" time="0.010472"/>
        <testcase name="testParse with data set #313" assertions="1" time="0.013346"/>
        <testcase name="testParse with data set #314" assertions="1" time="0.018072"/>
        <testcase name="testParse with data set #315" assertions="1" time="0.007134"/>
        <testcase name="testParse with data set #316" assertions="1" time="0.007379"/>
        <testcase name="testParse with data set #317" assertions="1" time="0.007236"/>
        <testcase name="testParse with data set #318" assertions="1" time="0.009150"/>
        <testcase name="testParse with data set #319" assertions="1" time="0.009393"/>
        <testcase name="testParse with data set #320" assertions="1" time="0.006976"/>
        <testcase name="testParse with data set #321" assertions="1" time="0.006817"/>
        <testcase name="testParse with data set #322" assertions="1" time="0.009522"/>
        <testcase name="testParse with data set #323" assertions="1" time="0.009004"/>
        <testcase name="testParse with data set #324" assertions="1" time="0.006066"/>
        <testcase name="testParse with data set #325" assertions="1" time="0.008484"/>
        <testcase name="testParse with data set #326" assertions="1" time="0.010830"/>
        <testcase name="testParse with data set #327" assertions="1" time="0.010297"/>
        <testcase name="testParse with data set #367" assertions="1" time="0.016532"/>
        <testcase name="testParse with data set #371" assertions="1" time="0.020819"/>
        <testcase name="testParse with data set #372" assertions="1" time="0.015028"/>
        <testcase name="testParse with data set #373" assertions="1" time="0.012391"/>
        <testcase name="testParse with data set #374" assertions="1" time="0.023326"/>
        <testcase name="testParse with data set #383" assertions="1" time="0.007069"/>
        <testcase name="testParse with data set #384" assertions="1" time="0.007964"/>
      </testsuite>
    </testsuite>
    <testsuite name="Erfurt_Sparql_Query2_ContainerHelperTest" file="/Volumes/DataHD/Users/philipp/Projects/github/pfrischmuth/OntoWiki.git/libraries/Erfurt/tests/Erfurt/Sparql/Query2/ContainerHelperTest.php" fullPackage="Erfurt.Sparql.Query2" tests="3" assertions="9" failures="0" errors="0" time="0.024197">
      <testcase name="testElements" class="Erfurt_Sparql_Query2_ContainerHelperTest" file="/Volumes/DataHD/Users/philipp/Projects/github/pfrischmuth/OntoWiki.git/libraries/Erfurt/tests/Erfurt/Sparql/Query2/ContainerHelperTest.php" line="25" assertions="5" time="0.013223"/>
      <testcase name="testSetProperties" class="Erfurt_Sparql_Query2_ContainerHelperTest" file="/Volumes/DataHD/Users/philipp/Projects/github/pfrischmuth/OntoWiki.git/libraries/Erfurt/tests/Erfurt/Sparql/Query2/ContainerHelperTest.php" line="38" assertions="3" time="0.004673"/>
      <testcase name="testVars" class="Erfurt_Sparql_Query2_ContainerHelperTest" file="/Volumes/DataHD/Users/philipp/Projects/github/pfrischmuth/OntoWiki.git/libraries/Erfurt/tests/Erfurt/Sparql/Query2/ContainerHelperTest.php" line="61" assertions="1" time="0.006301"/>
    </testsuite>
    <testsuite name="Erfurt_Sparql_Query2_ElementHelperTest" file="/Volumes/DataHD/Users/philipp/Projects/github/pfrischmuth/OntoWiki.git/libraries/Erfurt/tests/Erfurt/Sparql/Query2/ElementHelperTest.php" fullPackage="Erfurt.Sparql.Query2" tests="1" assertions="2" failures="0" errors="0" time="0.001761">
      <testcase name="testIdentity" class="Erfurt_Sparql_Query2_ElementHelperTest" file="/Volumes/DataHD/Users/philipp/Projects/github/pfrischmuth/OntoWiki.git/libraries/Erfurt/tests/Erfurt/Sparql/Query2/ElementHelperTest.php" line="15" assertions="2" time="0.001761"/>
    </testsuite>
    <testsuite name="Erfurt_Sparql_Query2_GroupGraphPatternTest" file="/Volumes/DataHD/Users/philipp/Projects/github/pfrischmuth/OntoWiki.git/libraries/Erfurt/tests/Erfurt/Sparql/Query2/GroupGraphPatternTest.php" fullPackage="Erfurt.Sparql.Query2" tests="2" assertions="2" failures="0" errors="0" time="0.010655">
      <testcase name="testTripleSeprator" class="Erfurt_Sparql_Query2_GroupGraphPatternTest" file="/Volumes/DataHD/Users/philipp/Projects/github/pfrischmuth/OntoWiki.git/libraries/Erfurt/tests/Erfurt/Sparql/Query2/GroupGraphPatternTest.php" line="9" assertions="1" time="0.006861"/>
      <testcase name="testRemoveOptionals" class="Erfurt_Sparql_Query2_GroupGraphPatternTest" file="/Volumes/DataHD/Users/philipp/Projects/github/pfrischmuth/OntoWiki.git/libraries/Erfurt/tests/Erfurt/Sparql/Query2/GroupGraphPatternTest.php" line="17" assertions="1" time="0.003794"/>
    </testsuite>
    <testsuite name="Erfurt_Sparql_Query2_IriRefTest" file="/Volumes/DataHD/Users/philipp/Projects/github/pfrischmuth/OntoWiki.git/libraries/Erfurt/tests/Erfurt/Sparql/Query2/IriRefTest.php" fullPackage="Erfurt.Sparql.Query2" tests="3" assertions="7" failures="0" errors="0" time="0.010302">
      <testcase name="testSimple" class="Erfurt_Sparql_Query2_IriRefTest" file="/Volumes/DataHD/Users/philipp/Projects/github/pfrischmuth/OntoWiki.git/libraries/Erfurt/tests/Erfurt/Sparql/Query2/IriRefTest.php" line="9" assertions="1" time="0.003027"/>
      <testcase name="testPrefixedUri" class="Erfurt_Sparql_Query2_IriRefTest" file="/Volumes/DataHD/Users/philipp/Projects/github/pfrischmuth/OntoWiki.git/libraries/Erfurt/tests/Erfurt/Sparql/Query2/IriRefTest.php" line="13" assertions="3" time="0.003923"/>
      <testcase name="testUnexpandablePrefixedUri" class="Erfurt_Sparql_Query2_IriRefTest" file="/Volumes/DataHD/Users/philipp/Projects/github/pfrischmuth/OntoWiki.git/libraries/Erfurt/tests/Erfurt/Sparql/Query2/IriRefTest.php" line="21" assertions="3" time="0.003352"/>
    </testsuite>
    <testsuite name="Erfurt_Sparql_Query2_RDFLiteralTest" file="/Volumes/DataHD/Users/philipp/Projects/github/pfrischmuth/OntoWiki.git/libraries/Erfurt/tests/Erfurt/Sparql/Query2/RDFLiteralTest.php" fullPackage="Erfurt.Sparql.Query2" tests="1" assertions="6" failures="0" errors="0" time="0.006225">
      <testcase name="testBasic" class="Erfurt_Sparql_Query2_RDFLiteralTest" file="/Volumes/DataHD/Users/philipp/Projects/github/pfrischmuth/OntoWiki.git/libraries/Erfurt/tests/Erfurt/Sparql/Query2/RDFLiteralTest.php" line="9" assertions="6" time="0.006225"/>
    </testsuite>
    <testsuite name="Erfurt_Sparql_Query2_TripleTest" file="/Volumes/DataHD/Users/philipp/Projects/github/pfrischmuth/OntoWiki.git/libraries/Erfurt/tests/Erfurt/Sparql/Query2/TripleTest.php" fullPackage="Erfurt.Sparql.Query2" tests="0" assertions="0" failures="0" errors="0" time="0.000000"/>
    <testsuite name="Erfurt_Sparql_Query2_VarTest" file="/Volumes/DataHD/Users/philipp/Projects/github/pfrischmuth/OntoWiki.git/libraries/Erfurt/tests/Erfurt/Sparql/Query2/VarTest.php" fullPackage="Erfurt.Sparql.Query2" tests="2" assertions="8" failures="0" errors="0" time="0.005945">
      <testcase name="testBasic" class="Erfurt_Sparql_Query2_VarTest" file="/Volumes/DataHD/Users/philipp/Projects/github/pfrischmuth/OntoWiki.git/libraries/Erfurt/tests/Erfurt/Sparql/Query2/VarTest.php" line="9" assertions="5" time="0.002507"/>
      <testcase name="testExtraction" class="Erfurt_Sparql_Query2_VarTest" file="/Volumes/DataHD/Users/philipp/Projects/github/pfrischmuth/OntoWiki.git/libraries/Erfurt/tests/Erfurt/Sparql/Query2/VarTest.php" line="21" assertions="3" time="0.003438"/>
    </testsuite>
    <testsuite name="Erfurt_Sparql_Query2Test" file="/Volumes/DataHD/Users/philipp/Projects/github/pfrischmuth/OntoWiki.git/libraries/Erfurt/tests/Erfurt/Sparql/Query2Test.php" fullPackage="query" package="query" tests="6" assertions="31" failures="0" errors="0" time="0.025496">
      <testcase name="testInit" class="Erfurt_Sparql_Query2Test" file="/Volumes/DataHD/Users/philipp/Projects/github/pfrischmuth/OntoWiki.git/libraries/Erfurt/tests/Erfurt/Sparql/Query2Test.php" line="31" assertions="1" time="0.005150"/>
      <testcase name="testProjectionVars" class="Erfurt_Sparql_Query2Test" file="/Volumes/DataHD/Users/philipp/Projects/github/pfrischmuth/OntoWiki.git/libraries/Erfurt/tests/Erfurt/Sparql/Query2Test.php" line="234" assertions="7" time="0.005358"/>
      <testcase name="testFroms" class="Erfurt_Sparql_Query2Test" file="/Volumes/DataHD/Users/philipp/Projects/github/pfrischmuth/OntoWiki.git/libraries/Erfurt/tests/Erfurt/Sparql/Query2Test.php" line="254" assertions="6" time="0.004166"/>
      <testcase name="testPrefixes" class="Erfurt_Sparql_Query2Test" file="/Volumes/DataHD/Users/philipp/Projects/github/pfrischmuth/OntoWiki.git/libraries/Erfurt/tests/Erfurt/Sparql/Query2Test.php" line="274" assertions="6" time="0.003941"/>
      <testcase name="testBase" class="Erfurt_Sparql_Query2Test" file="/Volumes/DataHD/Users/philipp/Projects/github/pfrischmuth/OntoWiki.git/libraries/Erfurt/tests/Erfurt/Sparql/Query2Test.php" line="294" assertions="3" time="0.003342"/>
      <testcase name="testDistinctReduced" class="Erfurt_Sparql_Query2Test" file="/Volumes/DataHD/Users/philipp/Projects/github/pfrischmuth/OntoWiki.git/libraries/Erfurt/tests/Erfurt/Sparql/Query2Test.php" line="303" assertions="8" time="0.003539"/>
    </testsuite>
    <testsuite name="Erfurt_Sparql_SimpleQueryTest" file="/Volumes/DataHD/Users/philipp/Projects/github/pfrischmuth/OntoWiki.git/libraries/Erfurt/tests/Erfurt/Sparql/SimpleQueryTest.php" fullPackage="Erfurt.Sparql" tests="5" assertions="5" failures="0" errors="0" time="0.016845">
      <testcase name="testInitWithStringSimple" class="Erfurt_Sparql_SimpleQueryTest" file="/Volumes/DataHD/Users/philipp/Projects/github/pfrischmuth/OntoWiki.git/libraries/Erfurt/tests/Erfurt/Sparql/SimpleQueryTest.php" line="13" assertions="1" time="0.004894"/>
      <testcase name="testInitWithStringComplex" class="Erfurt_Sparql_SimpleQueryTest" file="/Volumes/DataHD/Users/philipp/Projects/github/pfrischmuth/OntoWiki.git/libraries/Erfurt/tests/Erfurt/Sparql/SimpleQueryTest.php" line="31" assertions="1" time="0.003411"/>
      <testcase name="testInitWithStringUnusuallyFormatted" class="Erfurt_Sparql_SimpleQueryTest" file="/Volumes/DataHD/Users/philipp/Projects/github/pfrischmuth/OntoWiki.git/libraries/Erfurt/tests/Erfurt/Sparql/SimpleQueryTest.php" line="68" assertions="1" time="0.002658"/>
      <testcase name="testInitWithString2" class="Erfurt_Sparql_SimpleQueryTest" file="/Volumes/DataHD/Users/philipp/Projects/github/pfrischmuth/OntoWiki.git/libraries/Erfurt/tests/Erfurt/Sparql/SimpleQueryTest.php" line="82" assertions="1" time="0.002926"/>
      <testcase name="testInitWithString3" class="Erfurt_Sparql_SimpleQueryTest" file="/Volumes/DataHD/Users/philipp/Projects/github/pfrischmuth/OntoWiki.git/libraries/Erfurt/tests/Erfurt/Sparql/SimpleQueryTest.php" line="108" assertions="1" time="0.002956"/>
    </testsuite>
    <testsuite name="Erfurt_Store_Adapter_CompareTest" file="/Volumes/DataHD/Users/philipp/Projects/github/pfrischmuth/OntoWiki.git/libraries/Erfurt/tests/Erfurt/Store/Adapter/CompareTest.php" fullPackage="Erfurt.Store.Adapter" tests="0" assertions="0" failures="0" errors="0" time="0.000000"/>
    <testsuite name="Erfurt_Store_Adapter_EfZendDbTest" file="/Volumes/DataHD/Users/philipp/Projects/github/pfrischmuth/OntoWiki.git/libraries/Erfurt/tests/Erfurt/Store/Adapter/EfZendDbTest.php" fullPackage="Erfurt.Store.Adapter" tests="0" assertions="0" failures="0" errors="0" time="0.000000"/>
    <testsuite name="Erfurt_Store_Adapter_SparqlTest" file="/Volumes/DataHD/Users/philipp/Projects/github/pfrischmuth/OntoWiki.git/libraries/Erfurt/tests/Erfurt/Store/Adapter/SparqlTest.php" fullPackage="Erfurt.Store.Adapter" tests="0" assertions="0" failures="0" errors="0" time="0.000000"/>
    <testsuite name="Erfurt_Store_Adapter_Virtuoso_ResultConverter_ExtendedTest" file="/Volumes/DataHD/Users/philipp/Projects/github/pfrischmuth/OntoWiki.git/libraries/Erfurt/tests/Erfurt/Store/Adapter/Virtuoso/ResultConverter/ExtendedTest.php" fullPackage="Erfurt.Store.Adapter.Virtuoso.ResultConverter" tests="7" assertions="53" failures="0" errors="0" time="0.272799">
      <testcase name="testInvalid" class="Erfurt_Store_Adapter_Virtuoso_ResultConverter_ExtendedTest" file="/Volumes/DataHD/Users/philipp/Projects/github/pfrischmuth/OntoWiki.git/libraries/Erfurt/tests/Erfurt/Store/Adapter/Virtuoso/ResultConverter/ExtendedTest.php" line="18" assertions="1" time="0.005237"/>
      <testcase name="testError" class="Erfurt_Store_Adapter_Virtuoso_ResultConverter_ExtendedTest" file="/Volumes/DataHD/Users/philipp/Projects/github/pfrischmuth/OntoWiki.git/libraries/Erfurt/tests/Erfurt/Store/Adapter/Virtuoso/ResultConverter/ExtendedTest.php" line="27" assertions="1" time="0.001948"/>
      <testcase name="testTitleResultEmpty" class="Erfurt_Store_Adapter_Virtuoso_ResultConverter_ExtendedTest" file="/Volumes/DataHD/Users/philipp/Projects/github/pfrischmuth/OntoWiki.git/libraries/Erfurt/tests/Erfurt/Store/Adapter/Virtuoso/ResultConverter/ExtendedTest.php" line="33" assertions="6" time="0.004864"/>
      <testcase name="testTitleResult1" class="Erfurt_Store_Adapter_Virtuoso_ResultConverter_ExtendedTest" file="/Volumes/DataHD/Users/philipp/Projects/github/pfrischmuth/OntoWiki.git/libraries/Erfurt/tests/Erfurt/Store/Adapter/Virtuoso/ResultConverter/ExtendedTest.php" line="48" assertions="12" time="0.014725"/>
      <testcase name="testTitleResult2" class="Erfurt_Store_Adapter_Virtuoso_ResultConverter_ExtendedTest" file="/Volumes/DataHD/Users/philipp/Projects/github/pfrischmuth/OntoWiki.git/libraries/Erfurt/tests/Erfurt/Store/Adapter/Virtuoso/ResultConverter/ExtendedTest.php" line="84" assertions="12" time="0.015676"/>
      <testcase name="testTitleResult3" class="Erfurt_Store_Adapter_Virtuoso_ResultConverter_ExtendedTest" file="/Volumes/DataHD/Users/philipp/Projects/github/pfrischmuth/OntoWiki.git/libraries/Erfurt/tests/Erfurt/Store/Adapter/Virtuoso/ResultConverter/ExtendedTest.php" line="120" assertions="12" time="0.015906"/>
      <testcase name="testTitleResult4" class="Erfurt_Store_Adapter_Virtuoso_ResultConverter_ExtendedTest" file="/Volumes/DataHD/Users/philipp/Projects/github/pfrischmuth/OntoWiki.git/libraries/Erfurt/tests/Erfurt/Store/Adapter/Virtuoso/ResultConverter/ExtendedTest.php" line="159" assertions="9" time="0.214443"/>
    </testsuite>
    <testsuite name="Erfurt_Store_Adapter_Virtuoso_ResultConverter_SparqlResultsXmlTest" file="/Volumes/DataHD/Users/philipp/Projects/github/pfrischmuth/OntoWiki.git/libraries/Erfurt/tests/Erfurt/Store/Adapter/Virtuoso/ResultConverter/SparqlResultsXmlTest.php" fullPackage="Erfurt.Store.Adapter.Virtuoso.ResultConverter" tests="3" assertions="3" failures="0" errors="0" time="0.005846">
      <testcase name="testInvalidFormatHead" class="Erfurt_Store_Adapter_Virtuoso_ResultConverter_SparqlResultsXmlTest" file="/Volumes/DataHD/Users/philipp/Projects/github/pfrischmuth/OntoWiki.git/libraries/Erfurt/tests/Erfurt/Store/Adapter/Virtuoso/ResultConverter/SparqlResultsXmlTest.php" line="15" assertions="1" time="0.002013"/>
      <testcase name="testInvalidFormatResults" class="Erfurt_Store_Adapter_Virtuoso_ResultConverter_SparqlResultsXmlTest" file="/Volumes/DataHD/Users/philipp/Projects/github/pfrischmuth/OntoWiki.git/libraries/Erfurt/tests/Erfurt/Store/Adapter/Virtuoso/ResultConverter/SparqlResultsXmlTest.php" line="24" assertions="1" time="0.001601"/>
      <testcase name="testSimple" class="Erfurt_Store_Adapter_Virtuoso_ResultConverter_SparqlResultsXmlTest" file="/Volumes/DataHD/Users/philipp/Projects/github/pfrischmuth/OntoWiki.git/libraries/Erfurt/tests/Erfurt/Store/Adapter/Virtuoso/ResultConverter/SparqlResultsXmlTest.php" line="30" assertions="1" time="0.002232"/>
    </testsuite>
    <testsuite name="Erfurt_Store_Adapter_VirtuosoTest" file="/Volumes/DataHD/Users/philipp/Projects/github/pfrischmuth/OntoWiki.git/libraries/Erfurt/tests/Erfurt/Store/Adapter/VirtuosoTest.php" fullPackage="Erfurt.Store.Adapter" tests="0" assertions="0" failures="0" errors="0" time="0.000000"/>
    <testsuite name="Erfurt_StoreTest" file="/Volumes/DataHD/Users/philipp/Projects/github/pfrischmuth/OntoWiki.git/libraries/Erfurt/tests/Erfurt/StoreTest.php" fullPackage="Erfurt" tests="1" assertions="1" failures="0" errors="0" time="0.001431">
      <testcase name="testExistence" class="Erfurt_StoreTest" file="/Volumes/DataHD/Users/philipp/Projects/github/pfrischmuth/OntoWiki.git/libraries/Erfurt/tests/Erfurt/StoreTest.php" line="4" assertions="1" time="0.001431"/>
    </testsuite>
    <testsuite name="Erfurt_Syntax_RdfParser_Adapter_RdfJsonTest" file="/Volumes/DataHD/Users/philipp/Projects/github/pfrischmuth/OntoWiki.git/libraries/Erfurt/tests/Erfurt/Syntax/RdfParser/Adapter/RdfJsonTest.php" fullPackage="Erfurt.Syntax.RdfParser.Adapter" tests="0" assertions="0" failures="0" errors="0" time="0.000000">
      <testsuite name="Erfurt_Syntax_RdfParser_Adapter_RdfJsonTest::testParseFromFileName" tests="0" assertions="0" failures="0" errors="0" time="0.000000"/>
    </testsuite>
    <testsuite name="Erfurt_Syntax_RdfParser_Adapter_RdfXmlTest" file="/Volumes/DataHD/Users/philipp/Projects/github/pfrischmuth/OntoWiki.git/libraries/Erfurt/tests/Erfurt/Syntax/RdfParser/Adapter/RdfXmlTest.php" fullPackage="Erfurt.Syntax.RdfParser.Adapter" tests="11" assertions="23" failures="0" errors="0" time="0.068741">
      <testcase name="testParseEmpty" class="Erfurt_Syntax_RdfParser_Adapter_RdfXmlTest" file="/Volumes/DataHD/Users/philipp/Projects/github/pfrischmuth/OntoWiki.git/libraries/Erfurt/tests/Erfurt/Syntax/RdfParser/Adapter/RdfXmlTest.php" line="37" assertions="1" time="0.011806"/>
      <testcase name="testParseBaseWithEmptyAbout" class="Erfurt_Syntax_RdfParser_Adapter_RdfXmlTest" file="/Volumes/DataHD/Users/philipp/Projects/github/pfrischmuth/OntoWiki.git/libraries/Erfurt/tests/Erfurt/Syntax/RdfParser/Adapter/RdfXmlTest.php" line="46" assertions="2" time="0.005046"/>
      <testcase name="testParseEmptyOwlOntologyWithAboutAndLabel" class="Erfurt_Syntax_RdfParser_Adapter_RdfXmlTest" file="/Volumes/DataHD/Users/philipp/Projects/github/pfrischmuth/OntoWiki.git/libraries/Erfurt/tests/Erfurt/Syntax/RdfParser/Adapter/RdfXmlTest.php" line="56" assertions="5" time="0.006523"/>
      <testcase name="testParseTagWithoutAboutAndNodeId" class="Erfurt_Syntax_RdfParser_Adapter_RdfXmlTest" file="/Volumes/DataHD/Users/philipp/Projects/github/pfrischmuth/OntoWiki.git/libraries/Erfurt/tests/Erfurt/Syntax/RdfParser/Adapter/RdfXmlTest.php" line="81" assertions="5" time="0.008994"/>
      <testcase name="testEmptyRdfDescriptionWithAbout" class="Erfurt_Syntax_RdfParser_Adapter_RdfXmlTest" file="/Volumes/DataHD/Users/philipp/Projects/github/pfrischmuth/OntoWiki.git/libraries/Erfurt/tests/Erfurt/Syntax/RdfParser/Adapter/RdfXmlTest.php" line="111" assertions="1" time="0.005819"/>
      <testcase name="testRdfDescriptionWithAbout" class="Erfurt_Syntax_RdfParser_Adapter_RdfXmlTest" file="/Volumes/DataHD/Users/philipp/Projects/github/pfrischmuth/OntoWiki.git/libraries/Erfurt/tests/Erfurt/Syntax/RdfParser/Adapter/RdfXmlTest.php" line="120" assertions="3" time="0.006413"/>
      <testcase name="testRdfDescriptionNodeGeneration" class="Erfurt_Syntax_RdfParser_Adapter_RdfXmlTest" file="/Volumes/DataHD/Users/philipp/Projects/github/pfrischmuth/OntoWiki.git/libraries/Erfurt/tests/Erfurt/Syntax/RdfParser/Adapter/RdfXmlTest.php" line="139" assertions="2" time="0.006832"/>
      <testcase name="testParsingRdfXmlWithEntities" class="Erfurt_Syntax_RdfParser_Adapter_RdfXmlTest" file="/Volumes/DataHD/Users/philipp/Projects/github/pfrischmuth/OntoWiki.git/libraries/Erfurt/tests/Erfurt/Syntax/RdfParser/Adapter/RdfXmlTest.php" line="166" assertions="1" time="0.003890"/>
      <testcase name="testParsingRdfXmlWithCData" class="Erfurt_Syntax_RdfParser_Adapter_RdfXmlTest" file="/Volumes/DataHD/Users/philipp/Projects/github/pfrischmuth/OntoWiki.git/libraries/Erfurt/tests/Erfurt/Syntax/RdfParser/Adapter/RdfXmlTest.php" line="174" assertions="1" time="0.004744"/>
      <testcase name="testParsingRdfXmlWithoutEntitiesUsed" class="Erfurt_Syntax_RdfParser_Adapter_RdfXmlTest" file="/Volumes/DataHD/Users/philipp/Projects/github/pfrischmuth/OntoWiki.git/libraries/Erfurt/tests/Erfurt/Syntax/RdfParser/Adapter/RdfXmlTest.php" line="185" assertions="1" time="0.003506"/>
      <testsuite name="Erfurt_Syntax_RdfParser_Adapter_RdfXmlTest::testParseFromDataString" tests="0" assertions="0" failures="0" errors="0" time="0.000000"/>
      <testsuite name="Erfurt_Syntax_RdfParser_Adapter_RdfXmlTest::testParseFromInvalidDataString" tests="0" assertions="0" failures="0" errors="0" time="0.000000"/>
      <testcase name="testParseRecursiveEntity" class="Erfurt_Syntax_RdfParser_Adapter_RdfXmlTest" file="/Volumes/DataHD/Users/philipp/Projects/github/pfrischmuth/OntoWiki.git/libraries/Erfurt/tests/Erfurt/Syntax/RdfParser/Adapter/RdfXmlTest.php" line="279" assertions="1" time="0.005168"/>
    </testsuite>
    <testsuite name="Erfurt_Syntax_RdfParser_Adapter_TurtleTest" file="/Volumes/DataHD/Users/philipp/Projects/github/pfrischmuth/OntoWiki.git/libraries/Erfurt/tests/Erfurt/Syntax/RdfParser/Adapter/TurtleTest.php" fullPackage="Erfurt.Syntax.RdfParser.Adapter" tests="8" assertions="15" failures="3" errors="0" time="0.120216">
      <testcase name="testParseEmpty" class="Erfurt_Syntax_RdfParser_Adapter_TurtleTest" file="/Volumes/DataHD/Users/philipp/Projects/github/pfrischmuth/OntoWiki.git/libraries/Erfurt/tests/Erfurt/Syntax/RdfParser/Adapter/TurtleTest.php" line="24" assertions="1" time="0.002079"/>
      <testsuite name="Erfurt_Syntax_RdfParser_Adapter_TurtleTest::testParseFromFileName" tests="0" assertions="0" failures="0" errors="0" time="0.000000"/>
      <testcase name="testParseFromDataStringIssue421TurtleParserOnUpdateResturnsError" class="Erfurt_Syntax_RdfParser_Adapter_TurtleTest" file="/Volumes/DataHD/Users/philipp/Projects/github/pfrischmuth/OntoWiki.git/libraries/Erfurt/tests/Erfurt/Syntax/RdfParser/Adapter/TurtleTest.php" line="146" assertions="2" time="0.035484"/>
      <testcase name="testParseFromDataStringIssue449LanguageIsResourceObject" class="Erfurt_Syntax_RdfParser_Adapter_TurtleTest" file="/Volumes/DataHD/Users/philipp/Projects/github/pfrischmuth/OntoWiki.git/libraries/Erfurt/tests/Erfurt/Syntax/RdfParser/Adapter/TurtleTest.php" line="194" assertions="6" time="0.022568"/>
      <testcase name="testParseWithMailtoUriIssue477" class="Erfurt_Syntax_RdfParser_Adapter_TurtleTest" file="/Volumes/DataHD/Users/philipp/Projects/github/pfrischmuth/OntoWiki.git/libraries/Erfurt/tests/Erfurt/Syntax/RdfParser/Adapter/TurtleTest.php" line="214" assertions="1" time="0.009723"/>
      <testcase name="testParseWithDotAfterLanguageTagIssue536" class="Erfurt_Syntax_RdfParser_Adapter_TurtleTest" file="/Volumes/DataHD/Users/philipp/Projects/github/pfrischmuth/OntoWiki.git/libraries/Erfurt/tests/Erfurt/Syntax/RdfParser/Adapter/TurtleTest.php" line="226" assertions="2" time="0.010465"/>
      <testcase name="testParseWithTelUriIssue16" class="Erfurt_Syntax_RdfParser_Adapter_TurtleTest" file="/Volumes/DataHD/Users/philipp/Projects/github/pfrischmuth/OntoWiki.git/libraries/Erfurt/tests/Erfurt/Syntax/RdfParser/Adapter/TurtleTest.php" line="243" assertions="1" time="0.012296">
        <failure type="PHPUnit_Framework_ExpectationFailedException">Erfurt_Syntax_RdfParser_Adapter_TurtleTest::testParseWithTelUriIssue16
Failed asserting that two strings are equal.
--- Expected
+++ Actual
@@ @@
-'tel:+49-341-97-32341'
+'tel: 49-341-97-32341'

/Volumes/DataHD/Users/philipp/Projects/github/pfrischmuth/OntoWiki.git/libraries/Erfurt/tests/Erfurt/Syntax/RdfParser/Adapter/TurtleTest.php:252
/usr/local/bin/phpunit:46
</failure>
      </testcase>
      <testcase name="testParseWithUrlEncodedUriIssue16" class="Erfurt_Syntax_RdfParser_Adapter_TurtleTest" file="/Volumes/DataHD/Users/philipp/Projects/github/pfrischmuth/OntoWiki.git/libraries/Erfurt/tests/Erfurt/Syntax/RdfParser/Adapter/TurtleTest.php" line="255" assertions="1" time="0.012946">
        <failure type="PHPUnit_Framework_ExpectationFailedException">Erfurt_Syntax_RdfParser_Adapter_TurtleTest::testParseWithUrlEncodedUriIssue16
Failed asserting that two strings are equal.
--- Expected
+++ Actual
@@ @@
-'http://aksw.org/model/export/?m=http%3A%2F%2Faksw.org%2F&amp;f=rdfxml'
+'http://aksw.org/model/export/?m=http://aksw.org/&amp;f=rdfxml'

/Volumes/DataHD/Users/philipp/Projects/github/pfrischmuth/OntoWiki.git/libraries/Erfurt/tests/Erfurt/Syntax/RdfParser/Adapter/TurtleTest.php:264
/usr/local/bin/phpunit:46
</failure>
      </testcase>
      <testcase name="testParseWithNoTrailingSlashIssue17" class="Erfurt_Syntax_RdfParser_Adapter_TurtleTest" file="/Volumes/DataHD/Users/philipp/Projects/github/pfrischmuth/OntoWiki.git/libraries/Erfurt/tests/Erfurt/Syntax/RdfParser/Adapter/TurtleTest.php" line="267" assertions="1" time="0.014655">
        <failure type="PHPUnit_Framework_ExpectationFailedException">Erfurt_Syntax_RdfParser_Adapter_TurtleTest::testParseWithNoTrailingSlashIssue17
Failed asserting that two strings are equal.
--- Expected
+++ Actual
@@ @@
-'http://aksw.org/tmp/dl-learner.org'
+'http:///tmp/dl-learner.org'

/Volumes/DataHD/Users/philipp/Projects/github/pfrischmuth/OntoWiki.git/libraries/Erfurt/tests/Erfurt/Syntax/RdfParser/Adapter/TurtleTest.php:276
/usr/local/bin/phpunit:46
</failure>
      </testcase>
    </testsuite>
    <testsuite name="Erfurt_Syntax_RdfParserTest" file="/Volumes/DataHD/Users/philipp/Projects/github/pfrischmuth/OntoWiki.git/libraries/Erfurt/tests/Erfurt/Syntax/RdfParserTest.php" fullPackage="Erfurt.Syntax" tests="6" assertions="6" failures="0" errors="0" time="90.968439">
      <testcase name="testParseWithFilenameAndRdfXml" class="Erfurt_Syntax_RdfParserTest" file="/Volumes/DataHD/Users/philipp/Projects/github/pfrischmuth/OntoWiki.git/libraries/Erfurt/tests/Erfurt/Syntax/RdfParserTest.php" line="72" assertions="1" time="20.808973"/>
      <testcase name="testParseWithFilenameAndN3" class="Erfurt_Syntax_RdfParserTest" file="/Volumes/DataHD/Users/philipp/Projects/github/pfrischmuth/OntoWiki.git/libraries/Erfurt/tests/Erfurt/Syntax/RdfParserTest.php" line="86" assertions="1" time="60.921443"/>
      <testcase name="testParseWithFilenameAndRdfJson" class="Erfurt_Syntax_RdfParserTest" file="/Volumes/DataHD/Users/philipp/Projects/github/pfrischmuth/OntoWiki.git/libraries/Erfurt/tests/Erfurt/Syntax/RdfParserTest.php" line="100" assertions="1" time="9.141768"/>
      <testcase name="testParseWithDataStringAndRdfXml" class="Erfurt_Syntax_RdfParserTest" file="/Volumes/DataHD/Users/philipp/Projects/github/pfrischmuth/OntoWiki.git/libraries/Erfurt/tests/Erfurt/Syntax/RdfParserTest.php" line="114" assertions="1" time="0.021572"/>
      <testcase name="testParseWithDataStringAndN3" class="Erfurt_Syntax_RdfParserTest" file="/Volumes/DataHD/Users/philipp/Projects/github/pfrischmuth/OntoWiki.git/libraries/Erfurt/tests/Erfurt/Syntax/RdfParserTest.php" line="140" assertions="1" time="0.061050"/>
      <testcase name="testParseWithDataStringAndRdfJson" class="Erfurt_Syntax_RdfParserTest" file="/Volumes/DataHD/Users/philipp/Projects/github/pfrischmuth/OntoWiki.git/libraries/Erfurt/tests/Erfurt/Syntax/RdfParserTest.php" line="157" assertions="1" time="0.013633"/>
    </testsuite>
    <testsuite name="Erfurt_Syntax_RdfSerializer_Adapter_RdfJsonTest" file="/Volumes/DataHD/Users/philipp/Projects/github/pfrischmuth/OntoWiki.git/libraries/Erfurt/tests/Erfurt/Syntax/RdfSerializer/Adapter/RdfJsonTest.php" fullPackage="Erfurt.Syntax.RdfSerializer.Adapter" tests="0" assertions="0" failures="0" errors="0" time="0.000000"/>
    <testsuite name="Erfurt_Syntax_RdfSerializerTest" file="/Volumes/DataHD/Users/philipp/Projects/github/pfrischmuth/OntoWiki.git/libraries/Erfurt/tests/Erfurt/Syntax/RdfSerializerTest.php" fullPackage="Erfurt.Syntax" tests="2" assertions="0" failures="2" errors="0" time="0.012015">
      <testcase name="testRdfSerializerWithFormat" class="Erfurt_Syntax_RdfSerializerTest" file="/Volumes/DataHD/Users/philipp/Projects/github/pfrischmuth/OntoWiki.git/libraries/Erfurt/tests/Erfurt/Syntax/RdfSerializerTest.php" line="21" assertions="0" time="0.009632">
        <failure type="PHPUnit_Framework_AssertionFailedError">Erfurt_Syntax_RdfSerializerTest::testRdfSerializerWithFormat
Backend must be set in configuration.

/Volumes/DataHD/Users/philipp/Projects/github/pfrischmuth/OntoWiki.git/libraries/Erfurt/tests/Erfurt/Syntax/RdfSerializerTest.php:36
/usr/local/bin/phpunit:46
</failure>
      </testcase>
      <testcase name="testInitializeWithFormat" class="Erfurt_Syntax_RdfSerializerTest" file="/Volumes/DataHD/Users/philipp/Projects/github/pfrischmuth/OntoWiki.git/libraries/Erfurt/tests/Erfurt/Syntax/RdfSerializerTest.php" line="52" assertions="0" time="0.002383">
        <failure type="PHPUnit_Framework_AssertionFailedError">Erfurt_Syntax_RdfSerializerTest::testInitializeWithFormat
Backend must be set in configuration.

/Volumes/DataHD/Users/philipp/Projects/github/pfrischmuth/OntoWiki.git/libraries/Erfurt/tests/Erfurt/Syntax/RdfSerializerTest.php:68
/usr/local/bin/phpunit:46
</failure>
      </testcase>
    </testsuite>
    <testsuite name="Erfurt_UriTest" file="/Volumes/DataHD/Users/philipp/Projects/github/pfrischmuth/OntoWiki.git/libraries/Erfurt/tests/Erfurt/UriTest.php" fullPackage="Erfurt" tests="3" assertions="15" failures="0" errors="0" time="0.015236">
      <testcase name="testCheck" class="Erfurt_UriTest" file="/Volumes/DataHD/Users/philipp/Projects/github/pfrischmuth/OntoWiki.git/libraries/Erfurt/tests/Erfurt/UriTest.php" line="4" assertions="13" time="0.011329"/>
      <testcase name="testNormalize" class="Erfurt_UriTest" file="/Volumes/DataHD/Users/philipp/Projects/github/pfrischmuth/OntoWiki.git/libraries/Erfurt/tests/Erfurt/UriTest.php" line="34" assertions="1" time="0.002148"/>
      <testcase name="testNormalizeWithNonUri" class="Erfurt_UriTest" file="/Volumes/DataHD/Users/philipp/Projects/github/pfrischmuth/OntoWiki.git/libraries/Erfurt/tests/Erfurt/UriTest.php" line="42" assertions="1" time="0.001759"/>
    </testsuite>
    <testsuite name="Erfurt_VersioningTest" file="/Volumes/DataHD/Users/philipp/Projects/github/pfrischmuth/OntoWiki.git/libraries/Erfurt/tests/Erfurt/VersioningTest.php" fullPackage="Erfurt" tests="19" assertions="185" failures="0" errors="0" time="0.760512">
      <testcase name="testIsVersioningEnabledByDefault" class="Erfurt_VersioningTest" file="/Volumes/DataHD/Users/philipp/Projects/github/pfrischmuth/OntoWiki.git/libraries/Erfurt/tests/Erfurt/VersioningTest.php" line="59" assertions="2" time="0.015549"/>
      <testcase name="testIsVersioningEnabledAfterDisabled" class="Erfurt_VersioningTest" file="/Volumes/DataHD/Users/philipp/Projects/github/pfrischmuth/OntoWiki.git/libraries/Erfurt/tests/Erfurt/VersioningTest.php" line="64" assertions="2" time="0.010398"/>
      <testcase name="testIsVersioningEnabledAfterEnabledWithNoParam" class="Erfurt_VersioningTest" file="/Volumes/DataHD/Users/philipp/Projects/github/pfrischmuth/OntoWiki.git/libraries/Erfurt/tests/Erfurt/VersioningTest.php" line="70" assertions="2" time="0.010358"/>
      <testcase name="testIsVersioningEnabledAfterEnabledWithParamTrue" class="Erfurt_VersioningTest" file="/Volumes/DataHD/Users/philipp/Projects/github/pfrischmuth/OntoWiki.git/libraries/Erfurt/tests/Erfurt/VersioningTest.php" line="76" assertions="2" time="0.010742"/>
      <testcase name="testIsActionStartedByDefault" class="Erfurt_VersioningTest" file="/Volumes/DataHD/Users/philipp/Projects/github/pfrischmuth/OntoWiki.git/libraries/Erfurt/tests/Erfurt/VersioningTest.php" line="82" assertions="2" time="0.005669"/>
      <testcase name="testIsActionStartedAfterStartAction" class="Erfurt_VersioningTest" file="/Volumes/DataHD/Users/philipp/Projects/github/pfrischmuth/OntoWiki.git/libraries/Erfurt/tests/Erfurt/VersioningTest.php" line="87" assertions="2" time="0.023469"/>
      <testcase name="testIsActionStartedAfterStartAndEndAction" class="Erfurt_VersioningTest" file="/Volumes/DataHD/Users/philipp/Projects/github/pfrischmuth/OntoWiki.git/libraries/Erfurt/tests/Erfurt/VersioningTest.php" line="94" assertions="2" time="0.027593"/>
      <testcase name="testEndActionWithoutStartAction" class="Erfurt_VersioningTest" file="/Volumes/DataHD/Users/philipp/Projects/github/pfrischmuth/OntoWiki.git/libraries/Erfurt/tests/Erfurt/VersioningTest.php" line="102" assertions="1" time="0.010679"/>
      <testcase name="testStartActionWhileActionIsRunning" class="Erfurt_VersioningTest" file="/Volumes/DataHD/Users/philipp/Projects/github/pfrischmuth/OntoWiki.git/libraries/Erfurt/tests/Erfurt/VersioningTest.php" line="114" assertions="1" time="0.026906"/>
      <testcase name="testGetLastModifiedForResource" class="Erfurt_VersioningTest" file="/Volumes/DataHD/Users/philipp/Projects/github/pfrischmuth/OntoWiki.git/libraries/Erfurt/tests/Erfurt/VersioningTest.php" line="127" assertions="5" time="0.019858"/>
      <testcase name="testGetHistoryForGraph" class="Erfurt_VersioningTest" file="/Volumes/DataHD/Users/philipp/Projects/github/pfrischmuth/OntoWiki.git/libraries/Erfurt/tests/Erfurt/VersioningTest.php" line="139" assertions="58" time="0.029204"/>
      <testcase name="testGetHistoryForResource" class="Erfurt_VersioningTest" file="/Volumes/DataHD/Users/philipp/Projects/github/pfrischmuth/OntoWiki.git/libraries/Erfurt/tests/Erfurt/VersioningTest.php" line="156" assertions="47" time="0.024965"/>
      <testcase name="testGetHistoryForUser" class="Erfurt_VersioningTest" file="/Volumes/DataHD/Users/philipp/Projects/github/pfrischmuth/OntoWiki.git/libraries/Erfurt/tests/Erfurt/VersioningTest.php" line="173" assertions="47" time="0.024830"/>
      <testcase name="testSetAndGetLimit" class="Erfurt_VersioningTest" file="/Volumes/DataHD/Users/philipp/Projects/github/pfrischmuth/OntoWiki.git/libraries/Erfurt/tests/Erfurt/VersioningTest.php" line="190" assertions="3" time="0.007419"/>
      <testcase name="testOnAddStatement" class="Erfurt_VersioningTest" file="/Volumes/DataHD/Users/philipp/Projects/github/pfrischmuth/OntoWiki.git/libraries/Erfurt/tests/Erfurt/VersioningTest.php" line="208" assertions="2" time="0.029757"/>
      <testcase name="testOnAddMultipleStatements" class="Erfurt_VersioningTest" file="/Volumes/DataHD/Users/philipp/Projects/github/pfrischmuth/OntoWiki.git/libraries/Erfurt/tests/Erfurt/VersioningTest.php" line="230" assertions="2" time="0.037267"/>
      <testcase name="testOnDeleteMatchingStatements" class="Erfurt_VersioningTest" file="/Volumes/DataHD/Users/philipp/Projects/github/pfrischmuth/OntoWiki.git/libraries/Erfurt/tests/Erfurt/VersioningTest.php" line="263" assertions="2" time="0.048322"/>
      <testcase name="testOnDeleteMultipleStatements" class="Erfurt_VersioningTest" file="/Volumes/DataHD/Users/philipp/Projects/github/pfrischmuth/OntoWiki.git/libraries/Erfurt/tests/Erfurt/VersioningTest.php" line="307" assertions="2" time="0.036996"/>
      <testcase name="testRollbackAction" class="Erfurt_VersioningTest" file="/Volumes/DataHD/Users/philipp/Projects/github/pfrischmuth/OntoWiki.git/libraries/Erfurt/tests/Erfurt/VersioningTest.php" line="341" assertions="1" time="0.360531"/>
    </testsuite>
    <testsuite name="Erfurt_Wrapper_ManagerTest" file="/Volumes/DataHD/Users/philipp/Projects/github/pfrischmuth/OntoWiki.git/libraries/Erfurt/tests/Erfurt/Wrapper/ManagerTest.php" fullPackage="Erfurt.Wrapper" tests="1" assertions="1" failures="1" errors="0" time="0.003837">
      <testcase name="testAddWrapperPathWithExistingPath" class="Erfurt_Wrapper_ManagerTest" file="/Volumes/DataHD/Users/philipp/Projects/github/pfrischmuth/OntoWiki.git/libraries/Erfurt/tests/Erfurt/Wrapper/ManagerTest.php" line="22" assertions="1" time="0.003837">
        <failure type="PHPUnit_Framework_ExpectationFailedException">Erfurt_Wrapper_ManagerTest::testAddWrapperPathWithExistingPath
Failed asserting that 2 matches expected 1.

/Volumes/DataHD/Users/philipp/Projects/github/pfrischmuth/OntoWiki.git/libraries/Erfurt/tests/Erfurt/Wrapper/ManagerTest.php:29
/usr/local/bin/phpunit:46
</failure>
      </testcase>
    </testsuite>
    <testsuite name="Erfurt_Wrapper_RegistryTest" file="/Volumes/DataHD/Users/philipp/Projects/github/pfrischmuth/OntoWiki.git/libraries/Erfurt/tests/Erfurt/Wrapper/RegistryTest.php" fullPackage="Erfurt.Wrapper" tests="5" assertions="4" failures="4" errors="0" time="0.015750">
      <testcase name="testGetInstance" class="Erfurt_Wrapper_RegistryTest" file="/Volumes/DataHD/Users/philipp/Projects/github/pfrischmuth/OntoWiki.git/libraries/Erfurt/tests/Erfurt/Wrapper/RegistryTest.php" line="18" assertions="1" time="0.002615"/>
      <testcase name="testGetWrapperInstanceWillSucceed" class="Erfurt_Wrapper_RegistryTest" file="/Volumes/DataHD/Users/philipp/Projects/github/pfrischmuth/OntoWiki.git/libraries/Erfurt/tests/Erfurt/Wrapper/RegistryTest.php" line="36" assertions="0" time="0.002675">
        <failure type="PHPUnit_Framework_AssertionFailedError">Erfurt_Wrapper_RegistryTest::testGetWrapperInstanceWillSucceed

/Volumes/DataHD/Users/philipp/Projects/github/pfrischmuth/OntoWiki.git/libraries/Erfurt/tests/Erfurt/Wrapper/RegistryTest.php:44
/usr/local/bin/phpunit:46
</failure>
      </testcase>
      <testcase name="testListActiveWrapperEmpty" class="Erfurt_Wrapper_RegistryTest" file="/Volumes/DataHD/Users/philipp/Projects/github/pfrischmuth/OntoWiki.git/libraries/Erfurt/tests/Erfurt/Wrapper/RegistryTest.php" line="48" assertions="1" time="0.002887">
        <failure type="PHPUnit_Framework_ExpectationFailedException">Erfurt_Wrapper_RegistryTest::testListActiveWrapperEmpty
Failed asserting that false is true.

/Volumes/DataHD/Users/philipp/Projects/github/pfrischmuth/OntoWiki.git/libraries/Erfurt/tests/Erfurt/Wrapper/RegistryTest.php:52
/usr/local/bin/phpunit:46
</failure>
      </testcase>
      <testcase name="testListActiveWrapper" class="Erfurt_Wrapper_RegistryTest" file="/Volumes/DataHD/Users/philipp/Projects/github/pfrischmuth/OntoWiki.git/libraries/Erfurt/tests/Erfurt/Wrapper/RegistryTest.php" line="55" assertions="1" time="0.003863">
        <failure type="PHPUnit_Framework_ExpectationFailedException">Erfurt_Wrapper_RegistryTest::testListActiveWrapper
Failed asserting that 2 matches expected 1.

/Volumes/DataHD/Users/philipp/Projects/github/pfrischmuth/OntoWiki.git/libraries/Erfurt/tests/Erfurt/Wrapper/RegistryTest.php:62
/usr/local/bin/phpunit:46
</failure>
      </testcase>
      <testcase name="testRegister" class="Erfurt_Wrapper_RegistryTest" file="/Volumes/DataHD/Users/philipp/Projects/github/pfrischmuth/OntoWiki.git/libraries/Erfurt/tests/Erfurt/Wrapper/RegistryTest.php" line="66" assertions="1" time="0.003710">
        <failure type="PHPUnit_Framework_ExpectationFailedException">Erfurt_Wrapper_RegistryTest::testRegister
Failed asserting that 3 matches expected 1.

/Volumes/DataHD/Users/philipp/Projects/github/pfrischmuth/OntoWiki.git/libraries/Erfurt/tests/Erfurt/Wrapper/RegistryTest.php:72
/usr/local/bin/phpunit:46
</failure>
      </testcase>
    </testsuite>
  </testsuite>
</testsuites>
